<?xml version="1.0" encoding="UTF-8"?>
<!-- Generated by org.testng.reporters.JUnitReportReporter -->
<testsuite hostname="LAPTOP-NFBRE8C1" failures="0" tests="2" name="JLearnPOM.BaseTest" time="3.269" errors="0" timestamp="2024-01-02T12:10:58 IST" skipped="0">
  <testcase classname="JLearnPOM.BaseTest" name="industryTest" time="1.996"/>
  <system-out/>
  <testcase classname="JLearnPOM.BaseTest" name="contactUsTest" time="1.273"/>
  <system-out/>
</testsuite> <!-- JLearnPOM.BaseTest -->
